<?xml version="1.0" encoding="UTF-8"?>
<testng-results ignored="0" total="8" passed="8" failed="0" skipped="0">
  <reporter-output>
  </reporter-output>
  <suite started-at="2024-05-05T16:30:05 IST" name="Default suite" finished-at="2024-05-05T16:31:41 IST" duration-ms="95879">
    <groups>
    </groups>
    <test started-at="2024-05-05T16:30:05 IST" name="Default test" finished-at="2024-05-05T16:31:41 IST" duration-ms="95879">
      <class name="CAS_Project.TestClass">
        <test-method is-config="true" signature="loginSetup()[pri:0, instance:CAS_Project.TestClass@6b2ea799]" started-at="2024-05-05T16:30:05 IST" name="loginSetup" finished-at="2024-05-05T16:30:18 IST" duration-ms="13026" status="PASS">
          <reporter-output>
          </reporter-output>
        </test-method> <!-- loginSetup -->
        <test-method signature="testUser()[pri:1, instance:CAS_Project.TestClass@6b2ea799]" started-at="2024-05-05T16:30:18 IST" name="testUser" finished-at="2024-05-05T16:30:25 IST" duration-ms="6624" status="PASS">
          <reporter-output>
          </reporter-output>
        </test-method> <!-- testUser -->
        <test-method signature="testCorporate()[pri:2, instance:CAS_Project.TestClass@6b2ea799]" started-at="2024-05-05T16:30:25 IST" name="testCorporate" finished-at="2024-05-05T16:31:04 IST" duration-ms="39127" status="PASS">
          <reporter-output>
          </reporter-output>
        </test-method> <!-- testCorporate -->
        <test-method signature="getAppDetails()[pri:3, instance:CAS_Project.TestClass@6b2ea799]" started-at="2024-05-05T16:31:04 IST" name="getAppDetails" finished-at="2024-05-05T16:31:04 IST" duration-ms="1" status="PASS">
          <reporter-output>
          </reporter-output>
        </test-method> <!-- getAppDetails -->
        <test-method signature="ITScetion()[pri:4, instance:CAS_Project.TestClass@6b2ea799]" started-at="2024-05-05T16:31:04 IST" name="ITScetion" finished-at="2024-05-05T16:31:08 IST" duration-ms="4354" status="PASS">
          <reporter-output>
          </reporter-output>
        </test-method> <!-- ITScetion -->
        <test-method signature="checkSections()[pri:5, instance:CAS_Project.TestClass@6b2ea799]" started-at="2024-05-05T16:31:08 IST" name="checkSections" finished-at="2024-05-05T16:31:10 IST" duration-ms="2397" status="PASS">
          <reporter-output>
          </reporter-output>
        </test-method> <!-- checkSections -->
        <test-method signature="awards()[pri:6, instance:CAS_Project.TestClass@6b2ea799]" started-at="2024-05-05T16:31:10 IST" name="awards" finished-at="2024-05-05T16:31:22 IST" duration-ms="11368" status="PASS">
          <reporter-output>
          </reporter-output>
        </test-method> <!-- awards -->
        <test-method signature="awards2()[pri:7, instance:CAS_Project.TestClass@6b2ea799]" started-at="2024-05-05T16:31:22 IST" name="awards2" finished-at="2024-05-05T16:31:33 IST" duration-ms="11317" status="PASS">
          <reporter-output>
          </reporter-output>
        </test-method> <!-- awards2 -->
        <test-method signature="awards3()[pri:8, instance:CAS_Project.TestClass@6b2ea799]" started-at="2024-05-05T16:31:33 IST" name="awards3" finished-at="2024-05-05T16:31:40 IST" duration-ms="7359" status="PASS">
          <reporter-output>
          </reporter-output>
        </test-method> <!-- awards3 -->
        <test-method is-config="true" signature="closeSockets()[pri:0, instance:CAS_Project.TestClass@6b2ea799]" started-at="2024-05-05T16:31:40 IST" name="closeSockets" finished-at="2024-05-05T16:31:41 IST" duration-ms="246" status="PASS">
          <reporter-output>
          </reporter-output>
        </test-method> <!-- closeSockets -->
      </class> <!-- CAS_Project.TestClass -->
    </test> <!-- Default test -->
  </suite> <!-- Default suite -->
</testng-results>
